acid
aiseered
andes
anotherdark
autumn
baycomb
bclear
biogoo
bipolar
blacknblue
bluegreen
breeze
bright
camo
candy
clarity
dante
darkblue
darkbone
darkness
darkslategray
darkspectrum
denim
dusk
earendel
easter
edit-anjuta
edit-bbedit
edit-eclipse
edit-emacs
edit-flashdevelop
edit-gedit
edit-godot
edit-jedit
edit-kwrite
edit-matlab
edit-msvs2008
edit-nedit
edit-purebasic
edit-vim-dark
edit-vim
edit-xcode
ekvoli
fine_blue
freya
fruit
github
golden
greenlcd
kellys
leo
lucretia
manxome
maroloccio
matrix
moe
molokai
moria
navajo-night
navy
neon
night
nightshimmer
nuvola
olive
orion
oxygenated
pablo
peaksea
print
rand01
rdark
relaxedgreen
rootwater
seashell
solarized-dark
solarized-light
sourceforge
tabula
tcsoft
the
vampire
whitengrey
xoria256
zellner
zenburn
zmrok
